<?xml version="1.0" encoding="UTF-8" ?>
<testsuite failures="0" time="0.726" errors="0" skipped="0" tests="4" name="com.shakercafe.repository.MongoVendorRepositoryTest">
  <properties>
[...]
</properties>
  <testcase time="0.589" classname="com.shakercafe.repository.MongoVendorRepositoryTest" name="findAll"/>
  <testcase time="0.006" classname="com.shakercafe.repository.MongoVendorRepositoryTest" name="findByName"/>
  <testcase time="0.003" classname="com.shakercafe.repository.MongoVendorRepositoryTest" name="save"/>
  <testcase time="0.017" classname="com.shakercafe.repository.MongoVendorRepositoryTest" name="findAllCurrent"/>
</testsuite>